d:\soarrobotıcs\sımulatıon_core\mavlınk-dds-wrapper\sımulaır-suıte\mavlınkcom\temp\mavlınkcom\x64\debug\mavlınkcom.pdb
d:\soarrobotıcs\sımulatıon_core\mavlınk-dds-wrapper\sımulaır-suıte\mavlınkcom\temp\mavlınkcom\x64\debug\mavlınkcom.ıdb
d:\soarrobotıcs\sımulatıon_core\mavlınk-dds-wrapper\sımulaır-suıte\mavlınkcom\temp\mavlınkcom\x64\debug\fılesystem.sbr
d:\soarrobotıcs\sımulatıon_core\mavlınk-dds-wrapper\sımulaır-suıte\mavlınkcom\temp\mavlınkcom\x64\debug\threadutıls.sbr
d:\soarrobotıcs\sımulatıon_core\mavlınk-dds-wrapper\sımulaır-suıte\mavlınkcom\temp\mavlınkcom\x64\debug\udpsocket.sbr
d:\soarrobotıcs\sımulatıon_core\mavlınk-dds-wrapper\sımulaır-suıte\mavlınkcom\temp\mavlınkcom\x64\debug\udpsocketımpl.sbr
d:\soarrobotıcs\sımulatıon_core\mavlınk-dds-wrapper\sımulaır-suıte\mavlınkcom\temp\mavlınkcom\x64\debug\adhocconnectıon.sbr
d:\soarrobotıcs\sımulatıon_core\mavlınk-dds-wrapper\sımulaır-suıte\mavlınkcom\temp\mavlınkcom\x64\debug\adhocconnectıonımpl.sbr
d:\soarrobotıcs\sımulatıon_core\mavlınk-dds-wrapper\sımulaır-suıte\mavlınkcom\temp\mavlınkcom\x64\debug\mavlınkftpclıentımpl.sbr
d:\soarrobotıcs\sımulatıon_core\mavlınk-dds-wrapper\sımulaır-suıte\mavlınkcom\temp\mavlınkcom\x64\debug\mavlınknodeımpl.sbr
d:\soarrobotıcs\sımulatıon_core\mavlınk-dds-wrapper\sımulaır-suıte\mavlınkcom\temp\mavlınkcom\x64\debug\mavlınktcpserverımpl.sbr
d:\soarrobotıcs\sımulatıon_core\mavlınk-dds-wrapper\sımulaır-suıte\mavlınkcom\temp\mavlınkcom\x64\debug\onecorefındserıalports.sbr
d:\soarrobotıcs\sımulatıon_core\mavlınk-dds-wrapper\sımulaır-suıte\mavlınkcom\temp\mavlınkcom\x64\debug\wındowsfındserıalports.sbr
d:\soarrobotıcs\sımulatıon_core\mavlınk-dds-wrapper\sımulaır-suıte\mavlınkcom\temp\mavlınkcom\x64\debug\mavlınkftpclıent.sbr
d:\soarrobotıcs\sımulatıon_core\mavlınk-dds-wrapper\sımulaır-suıte\mavlınkcom\temp\mavlınkcom\x64\debug\mavlınklog.sbr
d:\soarrobotıcs\sımulatıon_core\mavlınk-dds-wrapper\sımulaır-suıte\mavlınkcom\temp\mavlınkcom\x64\debug\mavlınkmessagebase.sbr
d:\soarrobotıcs\sımulatıon_core\mavlınk-dds-wrapper\sımulaır-suıte\mavlınkcom\temp\mavlınkcom\x64\debug\mavlınkmessages.sbr
d:\soarrobotıcs\sımulatıon_core\mavlınk-dds-wrapper\sımulaır-suıte\mavlınkcom\temp\mavlınkcom\x64\debug\mavlınknode.sbr
d:\soarrobotıcs\sımulatıon_core\mavlınk-dds-wrapper\sımulaır-suıte\mavlınkcom\temp\mavlınkcom\x64\debug\semaphore.sbr
d:\soarrobotıcs\sımulatıon_core\mavlınk-dds-wrapper\sımulaır-suıte\mavlınkcom\temp\mavlınkcom\x64\debug\mavlınktcpserver.sbr
d:\soarrobotıcs\sımulatıon_core\mavlınk-dds-wrapper\sımulaır-suıte\mavlınkcom\temp\mavlınkcom\x64\debug\mavlınkvehıcle.sbr
d:\soarrobotıcs\sımulatıon_core\mavlınk-dds-wrapper\sımulaır-suıte\mavlınkcom\temp\mavlınkcom\x64\debug\mavlınkvehıcleımpl.sbr
d:\soarrobotıcs\sımulatıon_core\mavlınk-dds-wrapper\sımulaır-suıte\mavlınkcom\temp\mavlınkcom\x64\debug\mavlınkvehıcleımpl.obj
d:\soarrobotıcs\sımulatıon_core\mavlınk-dds-wrapper\sımulaır-suıte\mavlınkcom\temp\mavlınkcom\x64\debug\mavlınkvehıcle.obj
d:\soarrobotıcs\sımulatıon_core\mavlınk-dds-wrapper\sımulaır-suıte\mavlınkcom\temp\mavlınkcom\x64\debug\mavlınktcpserver.obj
d:\soarrobotıcs\sımulatıon_core\mavlınk-dds-wrapper\sımulaır-suıte\mavlınkcom\temp\mavlınkcom\x64\debug\semaphore.obj
d:\soarrobotıcs\sımulatıon_core\mavlınk-dds-wrapper\sımulaır-suıte\mavlınkcom\temp\mavlınkcom\x64\debug\mavlınknode.obj
d:\soarrobotıcs\sımulatıon_core\mavlınk-dds-wrapper\sımulaır-suıte\mavlınkcom\temp\mavlınkcom\x64\debug\mavlınkmessages.obj
d:\soarrobotıcs\sımulatıon_core\mavlınk-dds-wrapper\sımulaır-suıte\mavlınkcom\temp\mavlınkcom\x64\debug\mavlınkmessagebase.obj
d:\soarrobotıcs\sımulatıon_core\mavlınk-dds-wrapper\sımulaır-suıte\mavlınkcom\temp\mavlınkcom\x64\debug\mavlınklog.obj
d:\soarrobotıcs\sımulatıon_core\mavlınk-dds-wrapper\sımulaır-suıte\mavlınkcom\temp\mavlınkcom\x64\debug\mavlınkftpclıent.obj
d:\soarrobotıcs\sımulatıon_core\mavlınk-dds-wrapper\sımulaır-suıte\mavlınkcom\temp\mavlınkcom\x64\debug\wındowsfındserıalports.obj
d:\soarrobotıcs\sımulatıon_core\mavlınk-dds-wrapper\sımulaır-suıte\mavlınkcom\temp\mavlınkcom\x64\debug\onecorefındserıalports.obj
d:\soarrobotıcs\sımulatıon_core\mavlınk-dds-wrapper\sımulaır-suıte\mavlınkcom\temp\mavlınkcom\x64\debug\mavlınktcpserverımpl.obj
d:\soarrobotıcs\sımulatıon_core\mavlınk-dds-wrapper\sımulaır-suıte\mavlınkcom\temp\mavlınkcom\x64\debug\mavlınknodeımpl.obj
d:\soarrobotıcs\sımulatıon_core\mavlınk-dds-wrapper\sımulaır-suıte\mavlınkcom\temp\mavlınkcom\x64\debug\mavlınkftpclıentımpl.obj
d:\soarrobotıcs\sımulatıon_core\mavlınk-dds-wrapper\sımulaır-suıte\mavlınkcom\temp\mavlınkcom\x64\debug\adhocconnectıonımpl.obj
d:\soarrobotıcs\sımulatıon_core\mavlınk-dds-wrapper\sımulaır-suıte\mavlınkcom\temp\mavlınkcom\x64\debug\adhocconnectıon.obj
d:\soarrobotıcs\sımulatıon_core\mavlınk-dds-wrapper\sımulaır-suıte\mavlınkcom\temp\mavlınkcom\x64\debug\udpsocketımpl.obj
d:\soarrobotıcs\sımulatıon_core\mavlınk-dds-wrapper\sımulaır-suıte\mavlınkcom\temp\mavlınkcom\x64\debug\udpsocket.obj
d:\soarrobotıcs\sımulatıon_core\mavlınk-dds-wrapper\sımulaır-suıte\mavlınkcom\temp\mavlınkcom\x64\debug\threadutıls.obj
d:\soarrobotıcs\sımulatıon_core\mavlınk-dds-wrapper\sımulaır-suıte\mavlınkcom\temp\mavlınkcom\x64\debug\fılesystem.obj
d:\soarrobotıcs\sımulatıon_core\mavlınk-dds-wrapper\sımulaır-suıte\mavlınkcom\temp\mavlınkcom\x64\debug\mavlınkconnectıon.sbr
d:\soarrobotıcs\sımulatıon_core\mavlınk-dds-wrapper\sımulaır-suıte\mavlınkcom\temp\mavlınkcom\x64\debug\mavlınkconnectıonımpl.sbr
d:\soarrobotıcs\sımulatıon_core\mavlınk-dds-wrapper\sımulaır-suıte\mavlınkcom\temp\mavlınkcom\x64\debug\mavlınkvıdeostream.sbr
d:\soarrobotıcs\sımulatıon_core\mavlınk-dds-wrapper\sımulaır-suıte\mavlınkcom\temp\mavlınkcom\x64\debug\mavlınkvıdeostreamımpl.sbr
d:\soarrobotıcs\sımulatıon_core\mavlınk-dds-wrapper\sımulaır-suıte\mavlınkcom\temp\mavlınkcom\x64\debug\serıalport.sbr
d:\soarrobotıcs\sımulatıon_core\mavlınk-dds-wrapper\sımulaır-suıte\mavlınkcom\temp\mavlınkcom\x64\debug\socketınıt.sbr
d:\soarrobotıcs\sımulatıon_core\mavlınk-dds-wrapper\sımulaır-suıte\mavlınkcom\temp\mavlınkcom\x64\debug\tcpclıentport.sbr
d:\soarrobotıcs\sımulatıon_core\mavlınk-dds-wrapper\sımulaır-suıte\mavlınkcom\temp\mavlınkcom\x64\debug\udpclıentport.sbr
d:\soarrobotıcs\sımulatıon_core\mavlınk-dds-wrapper\sımulaır-suıte\mavlınkcom\temp\mavlınkcom\x64\debug\wıfı.sbr
d:\soarrobotıcs\sımulatıon_core\mavlınk-dds-wrapper\sımulaır-suıte\mavlınkcom\temp\mavlınkcom\x64\debug\wıfı.obj
d:\soarrobotıcs\sımulatıon_core\mavlınk-dds-wrapper\sımulaır-suıte\mavlınkcom\temp\mavlınkcom\x64\debug\udpclıentport.obj
d:\soarrobotıcs\sımulatıon_core\mavlınk-dds-wrapper\sımulaır-suıte\mavlınkcom\temp\mavlınkcom\x64\debug\tcpclıentport.obj
d:\soarrobotıcs\sımulatıon_core\mavlınk-dds-wrapper\sımulaır-suıte\mavlınkcom\temp\mavlınkcom\x64\debug\socketınıt.obj
d:\soarrobotıcs\sımulatıon_core\mavlınk-dds-wrapper\sımulaır-suıte\mavlınkcom\temp\mavlınkcom\x64\debug\serıalport.obj
d:\soarrobotıcs\sımulatıon_core\mavlınk-dds-wrapper\sımulaır-suıte\mavlınkcom\temp\mavlınkcom\x64\debug\mavlınkvıdeostreamımpl.obj
d:\soarrobotıcs\sımulatıon_core\mavlınk-dds-wrapper\sımulaır-suıte\mavlınkcom\temp\mavlınkcom\x64\debug\mavlınkvıdeostream.obj
d:\soarrobotıcs\sımulatıon_core\mavlınk-dds-wrapper\sımulaır-suıte\mavlınkcom\temp\mavlınkcom\x64\debug\mavlınkconnectıonımpl.obj
d:\soarrobotıcs\sımulatıon_core\mavlınk-dds-wrapper\sımulaır-suıte\mavlınkcom\temp\mavlınkcom\x64\debug\mavlınkconnectıon.obj
d:\soarrobotıcs\sımulatıon_core\mavlınk-dds-wrapper\sımulaır-suıte\mavlınkcom\lıb\x64\debug\mavlınkcom.lıb
d:\soarrobotics\simulation_core\mavlink-dds-wrapper\simulair-suite\mavlinkcom\temp\mavlinkcom\x64\debug\adhocconnection.obj
d:\soarrobotics\simulation_core\mavlink-dds-wrapper\simulair-suite\mavlinkcom\temp\mavlinkcom\x64\debug\adhocconnectionımpl.obj
d:\soarrobotics\simulation_core\mavlink-dds-wrapper\simulair-suite\mavlinkcom\temp\mavlinkcom\x64\debug\filesystem.obj
d:\soarrobotics\simulation_core\mavlink-dds-wrapper\simulair-suite\mavlinkcom\temp\mavlinkcom\x64\debug\mavlinkconnection.obj
d:\soarrobotics\simulation_core\mavlink-dds-wrapper\simulair-suite\mavlinkcom\temp\mavlinkcom\x64\debug\mavlinkconnectionımpl.obj
d:\soarrobotics\simulation_core\mavlink-dds-wrapper\simulair-suite\mavlinkcom\temp\mavlinkcom\x64\debug\mavlinkftpclient.obj
d:\soarrobotics\simulation_core\mavlink-dds-wrapper\simulair-suite\mavlinkcom\temp\mavlinkcom\x64\debug\mavlinkftpclientımpl.obj
d:\soarrobotics\simulation_core\mavlink-dds-wrapper\simulair-suite\mavlinkcom\temp\mavlinkcom\x64\debug\mavlinklog.obj
d:\soarrobotics\simulation_core\mavlink-dds-wrapper\simulair-suite\mavlinkcom\temp\mavlinkcom\x64\debug\mavlinkmessagebase.obj
d:\soarrobotics\simulation_core\mavlink-dds-wrapper\simulair-suite\mavlinkcom\temp\mavlinkcom\x64\debug\mavlinkmessages.obj
d:\soarrobotics\simulation_core\mavlink-dds-wrapper\simulair-suite\mavlinkcom\temp\mavlinkcom\x64\debug\mavlinknode.obj
d:\soarrobotics\simulation_core\mavlink-dds-wrapper\simulair-suite\mavlinkcom\temp\mavlinkcom\x64\debug\mavlinknodeımpl.obj
d:\soarrobotics\simulation_core\mavlink-dds-wrapper\simulair-suite\mavlinkcom\temp\mavlinkcom\x64\debug\mavlinktcpserver.obj
d:\soarrobotics\simulation_core\mavlink-dds-wrapper\simulair-suite\mavlinkcom\temp\mavlinkcom\x64\debug\mavlinktcpserverımpl.obj
d:\soarrobotics\simulation_core\mavlink-dds-wrapper\simulair-suite\mavlinkcom\temp\mavlinkcom\x64\debug\mavlinkvehicle.obj
d:\soarrobotics\simulation_core\mavlink-dds-wrapper\simulair-suite\mavlinkcom\temp\mavlinkcom\x64\debug\mavlinkvehicleımpl.obj
d:\soarrobotics\simulation_core\mavlink-dds-wrapper\simulair-suite\mavlinkcom\temp\mavlinkcom\x64\debug\mavlinkvideostream.obj
d:\soarrobotics\simulation_core\mavlink-dds-wrapper\simulair-suite\mavlinkcom\temp\mavlinkcom\x64\debug\mavlinkvideostreamımpl.obj
d:\soarrobotics\simulation_core\mavlink-dds-wrapper\simulair-suite\mavlinkcom\temp\mavlinkcom\x64\debug\onecorefindserialports.obj
d:\soarrobotics\simulation_core\mavlink-dds-wrapper\simulair-suite\mavlinkcom\temp\mavlinkcom\x64\debug\semaphore.obj
d:\soarrobotics\simulation_core\mavlink-dds-wrapper\simulair-suite\mavlinkcom\temp\mavlinkcom\x64\debug\serialport.obj
d:\soarrobotics\simulation_core\mavlink-dds-wrapper\simulair-suite\mavlinkcom\temp\mavlinkcom\x64\debug\socketınit.obj
d:\soarrobotics\simulation_core\mavlink-dds-wrapper\simulair-suite\mavlinkcom\temp\mavlinkcom\x64\debug\tcpclientport.obj
d:\soarrobotics\simulation_core\mavlink-dds-wrapper\simulair-suite\mavlinkcom\temp\mavlinkcom\x64\debug\threadutils.obj
d:\soarrobotics\simulation_core\mavlink-dds-wrapper\simulair-suite\mavlinkcom\temp\mavlinkcom\x64\debug\udpclientport.obj
d:\soarrobotics\simulation_core\mavlink-dds-wrapper\simulair-suite\mavlinkcom\temp\mavlinkcom\x64\debug\udpsocket.obj
d:\soarrobotics\simulation_core\mavlink-dds-wrapper\simulair-suite\mavlinkcom\temp\mavlinkcom\x64\debug\udpsocketımpl.obj
d:\soarrobotics\simulation_core\mavlink-dds-wrapper\simulair-suite\mavlinkcom\temp\mavlinkcom\x64\debug\wifi.obj
d:\soarrobotics\simulation_core\mavlink-dds-wrapper\simulair-suite\mavlinkcom\temp\mavlinkcom\x64\debug\windowsfindserialports.obj
d:\soarrobotics\simulation_core\mavlink-dds-wrapper\simulair-suite\mavlinkcom\temp\mavlinkcom\x64\debug\mavlinkcom.idb
d:\soarrobotics\simulation_core\mavlink-dds-wrapper\simulair-suite\mavlinkcom\temp\mavlinkcom\x64\debug\adhocconnection.sbr
d:\soarrobotics\simulation_core\mavlink-dds-wrapper\simulair-suite\mavlinkcom\temp\mavlinkcom\x64\debug\adhocconnectionımpl.sbr
d:\soarrobotics\simulation_core\mavlink-dds-wrapper\simulair-suite\mavlinkcom\temp\mavlinkcom\x64\debug\filesystem.sbr
d:\soarrobotics\simulation_core\mavlink-dds-wrapper\simulair-suite\mavlinkcom\temp\mavlinkcom\x64\debug\mavlinkconnection.sbr
d:\soarrobotics\simulation_core\mavlink-dds-wrapper\simulair-suite\mavlinkcom\temp\mavlinkcom\x64\debug\mavlinkconnectionımpl.sbr
d:\soarrobotics\simulation_core\mavlink-dds-wrapper\simulair-suite\mavlinkcom\temp\mavlinkcom\x64\debug\mavlinkftpclient.sbr
d:\soarrobotics\simulation_core\mavlink-dds-wrapper\simulair-suite\mavlinkcom\temp\mavlinkcom\x64\debug\mavlinkftpclientımpl.sbr
d:\soarrobotics\simulation_core\mavlink-dds-wrapper\simulair-suite\mavlinkcom\temp\mavlinkcom\x64\debug\mavlinklog.sbr
d:\soarrobotics\simulation_core\mavlink-dds-wrapper\simulair-suite\mavlinkcom\temp\mavlinkcom\x64\debug\mavlinkmessagebase.sbr
d:\soarrobotics\simulation_core\mavlink-dds-wrapper\simulair-suite\mavlinkcom\temp\mavlinkcom\x64\debug\mavlinkmessages.sbr
d:\soarrobotics\simulation_core\mavlink-dds-wrapper\simulair-suite\mavlinkcom\temp\mavlinkcom\x64\debug\mavlinknode.sbr
d:\soarrobotics\simulation_core\mavlink-dds-wrapper\simulair-suite\mavlinkcom\temp\mavlinkcom\x64\debug\mavlinknodeımpl.sbr
d:\soarrobotics\simulation_core\mavlink-dds-wrapper\simulair-suite\mavlinkcom\temp\mavlinkcom\x64\debug\mavlinktcpserver.sbr
d:\soarrobotics\simulation_core\mavlink-dds-wrapper\simulair-suite\mavlinkcom\temp\mavlinkcom\x64\debug\mavlinktcpserverımpl.sbr
d:\soarrobotics\simulation_core\mavlink-dds-wrapper\simulair-suite\mavlinkcom\temp\mavlinkcom\x64\debug\mavlinkvehicle.sbr
d:\soarrobotics\simulation_core\mavlink-dds-wrapper\simulair-suite\mavlinkcom\temp\mavlinkcom\x64\debug\mavlinkvehicleımpl.sbr
d:\soarrobotics\simulation_core\mavlink-dds-wrapper\simulair-suite\mavlinkcom\temp\mavlinkcom\x64\debug\mavlinkvideostream.sbr
d:\soarrobotics\simulation_core\mavlink-dds-wrapper\simulair-suite\mavlinkcom\temp\mavlinkcom\x64\debug\mavlinkvideostreamımpl.sbr
d:\soarrobotics\simulation_core\mavlink-dds-wrapper\simulair-suite\mavlinkcom\temp\mavlinkcom\x64\debug\onecorefindserialports.sbr
d:\soarrobotics\simulation_core\mavlink-dds-wrapper\simulair-suite\mavlinkcom\temp\mavlinkcom\x64\debug\semaphore.sbr
d:\soarrobotics\simulation_core\mavlink-dds-wrapper\simulair-suite\mavlinkcom\temp\mavlinkcom\x64\debug\serialport.sbr
d:\soarrobotics\simulation_core\mavlink-dds-wrapper\simulair-suite\mavlinkcom\temp\mavlinkcom\x64\debug\socketınit.sbr
d:\soarrobotics\simulation_core\mavlink-dds-wrapper\simulair-suite\mavlinkcom\temp\mavlinkcom\x64\debug\tcpclientport.sbr
d:\soarrobotics\simulation_core\mavlink-dds-wrapper\simulair-suite\mavlinkcom\temp\mavlinkcom\x64\debug\threadutils.sbr
d:\soarrobotics\simulation_core\mavlink-dds-wrapper\simulair-suite\mavlinkcom\temp\mavlinkcom\x64\debug\udpclientport.sbr
d:\soarrobotics\simulation_core\mavlink-dds-wrapper\simulair-suite\mavlinkcom\temp\mavlinkcom\x64\debug\udpsocket.sbr
d:\soarrobotics\simulation_core\mavlink-dds-wrapper\simulair-suite\mavlinkcom\temp\mavlinkcom\x64\debug\udpsocketımpl.sbr
d:\soarrobotics\simulation_core\mavlink-dds-wrapper\simulair-suite\mavlinkcom\temp\mavlinkcom\x64\debug\wifi.sbr
d:\soarrobotics\simulation_core\mavlink-dds-wrapper\simulair-suite\mavlinkcom\temp\mavlinkcom\x64\debug\windowsfindserialports.sbr
d:\soarrobotics\simulation_core\mavlink-dds-wrapper\simulair-suite\mavlinkcom\lib\x64\debug\mavlinkcom.lib
d:\soarrobotics\simulation_core\mavlink-dds-wrapper\simulair-suite\mavlinkcom\lib\x64\debug\mavlinkcom.bsc
d:\soarrobotics\simulation_core\mavlink-dds-wrapper\simulair-suite\mavlinkcom\temp\mavlinkcom\x64\debug\mavlinkcom.tlog\bscmake.command.1.tlog
d:\soarrobotics\simulation_core\mavlink-dds-wrapper\simulair-suite\mavlinkcom\temp\mavlinkcom\x64\debug\mavlinkcom.tlog\bscmake.read.1.tlog
d:\soarrobotics\simulation_core\mavlink-dds-wrapper\simulair-suite\mavlinkcom\temp\mavlinkcom\x64\debug\mavlinkcom.tlog\cl.command.1.tlog
d:\soarrobotics\simulation_core\mavlink-dds-wrapper\simulair-suite\mavlinkcom\temp\mavlinkcom\x64\debug\mavlinkcom.tlog\cl.read.1.tlog
d:\soarrobotics\simulation_core\mavlink-dds-wrapper\simulair-suite\mavlinkcom\temp\mavlinkcom\x64\debug\mavlinkcom.tlog\cl.write.1.tlog
d:\soarrobotics\simulation_core\mavlink-dds-wrapper\simulair-suite\mavlinkcom\temp\mavlinkcom\x64\debug\mavlinkcom.tlog\lib-link.read.1.tlog
d:\soarrobotics\simulation_core\mavlink-dds-wrapper\simulair-suite\mavlinkcom\temp\mavlinkcom\x64\debug\mavlinkcom.tlog\lib-link.write.1.tlog
d:\soarrobotics\simulation_core\mavlink-dds-wrapper\simulair-suite\mavlinkcom\temp\mavlinkcom\x64\debug\mavlinkcom.tlog\lib.command.1.tlog
